[    0.000000] Initializing cgroup subsys cpuset
[    0.000000] Initializing cgroup subsys cpu
[    0.000000] Initializing cgroup subsys cpuacct
[    0.000000] Linux version 4.4.0-161-generic (buildd@lcy01-amd64-018) (gcc version 5.4.0 20160609 (Ubuntu 5.4.0-6ubuntu1~16.04.10) ) #189-Ubuntu SMP Tue Aug 27 08:10:16 UTC 2019 (Ubuntu 4.4.0-161.189-generic 4.4.186)
[    0.000000] Command line: BOOT_IMAGE=/boot/vmlinuz-4.4.0-161-generic root=LABEL=cloudimg-rootfs ro console=tty1 console=ttyS0
[    0.000000] KERNEL supported cpus:
[    0.000000]   Intel GenuineIntel
[    0.000000]   AMD AuthenticAMD
[    0.000000]   Centaur CentaurHauls
[    0.000000] x86/fpu: xstate_offset[2]:  576, xstate_sizes[2]:  256
[    0.000000] x86/fpu: Supporting XSAVE feature 0x01: 'x87 floating point registers'
[    0.000000] x86/fpu: Supporting XSAVE feature 0x02: 'SSE registers'
[    0.000000] x86/fpu: Supporting XSAVE feature 0x04: 'AVX registers'
[    0.000000] x86/fpu: Enabled xstate features 0x7, context size is 832 bytes, using 'standard' format.
[    0.000000] e820: BIOS-provided physical RAM map:
[    0.000000] BIOS-e820: [mem 0x0000000000000000-0x000000000009fbff] usable
[    0.000000] BIOS-e820: [mem 0x000000000009fc00-0x000000000009ffff] reserved
[    0.000000] BIOS-e820: [mem 0x00000000000f0000-0x00000000000fffff] reserved
[    0.000000] BIOS-e820: [mem 0x0000000000100000-0x000000000ffeffff] usable
[    0.000000] BIOS-e820: [mem 0x000000000fff0000-0x000000000fffffff] ACPI data
[    0.000000] BIOS-e820: [mem 0x00000000fec00000-0x00000000fec00fff] reserved
[    0.000000] BIOS-e820: [mem 0x00000000fee00000-0x00000000fee00fff] reserved
[    0.000000] BIOS-e820: [mem 0x00000000fffc0000-0x00000000ffffffff] reserved
[    0.000000] NX (Execute Disable) protection: active
[    0.000000] SMBIOS 2.5 present.
[    0.000000] Hypervisor detected: KVM
[    0.000000] e820: last_pfn = 0xfff0 max_arch_pfn = 0x400000000
[    0.000000] MTRR: Disabled
[    0.000000] x86/PAT: MTRRs disabled, skipping PAT initialization too.
[    0.000000] CPU MTRRs all blank - virtualized system.
[    0.000000] x86/PAT: Configuration [0-7]: WB  WT  UC- UC  WB  WT  UC- UC  
[    0.000000] found SMP MP-table at [mem 0x0009fff0-0x0009ffff] mapped at [ffff88000009fff0]
[    0.000000] Scanning 1 areas for low memory corruption
[    0.000000] RAMDISK: [mem 0x0e936000-0x0f7b1fff]
[    0.000000] ACPI: Early table checksum verification disabled
[    0.000000] ACPI: RSDP 0x00000000000E0000 000024 (v02 VBOX  )
[    0.000000] ACPI: XSDT 0x000000000FFF0030 00003C (v01 VBOX   VBOXXSDT 00000001 ASL  00000061)
[    0.000000] ACPI: FACP 0x000000000FFF00F0 0000F4 (v04 VBOX   VBOXFACP 00000001 ASL  00000061)
[    0.000000] ACPI: DSDT 0x000000000FFF0470 0022EA (v02 VBOX   VBOXBIOS 00000002 INTL 20100528)
[    0.000000] ACPI: FACS 0x000000000FFF0200 000040
[    0.000000] ACPI: FACS 0x000000000FFF0200 000040
[    0.000000] ACPI: APIC 0x000000000FFF0240 00005C (v02 VBOX   VBOXAPIC 00000001 ASL  00000061)
[    0.000000] ACPI: SSDT 0x000000000FFF02A0 0001CC (v01 VBOX   VBOXCPUT 00000002 INTL 20100528)
[    0.000000] No NUMA configuration found
[    0.000000] Faking a node at [mem 0x0000000000000000-0x000000000ffeffff]
[    0.000000] NODE_DATA(0) allocated [mem 0x0ffeb000-0x0ffeffff]
[    0.000000] kvm-clock: Using msrs 4b564d01 and 4b564d00
[    0.000000] kvm-clock: cpu 0, msr 0:ffe3001, primary cpu clock
[    0.000000] kvm-clock: using sched offset of 5150037456 cycles
[    0.000000] clocksource: kvm-clock: mask: 0xffffffffffffffff max_cycles: 0x1cd42e4dffb, max_idle_ns: 881590591483 ns
[    0.000000] Zone ranges:
[    0.000000]   DMA      [mem 0x0000000000001000-0x0000000000ffffff]
[    0.000000]   DMA32    [mem 0x0000000001000000-0x000000000ffeffff]
[    0.000000]   Normal   empty
[    0.000000]   Device   empty
[    0.000000] Movable zone start for each node
[    0.000000] Early memory node ranges
[    0.000000]   node   0: [mem 0x0000000000001000-0x000000000009efff]
[    0.000000]   node   0: [mem 0x0000000000100000-0x000000000ffeffff]
[    0.000000] Initmem setup node 0 [mem 0x0000000000001000-0x000000000ffeffff]
[    0.000000] ACPI: PM-Timer IO Port: 0x4008
[    0.000000] IOAPIC[0]: apic_id 2, version 32, address 0xfec00000, GSI 0-23
[    0.000000] ACPI: INT_SRC_OVR (bus 0 bus_irq 0 global_irq 2 dfl dfl)
[    0.000000] ACPI: INT_SRC_OVR (bus 0 bus_irq 9 global_irq 9 low level)
[    0.000000] Using ACPI (MADT) for SMP configuration information
[    0.000000] smpboot: Allowing 2 CPUs, 0 hotplug CPUs
[    0.000000] PM: Registered nosave memory: [mem 0x00000000-0x00000fff]
[    0.000000] PM: Registered nosave memory: [mem 0x0009f000-0x0009ffff]
[    0.000000] PM: Registered nosave memory: [mem 0x000a0000-0x000effff]
[    0.000000] PM: Registered nosave memory: [mem 0x000f0000-0x000fffff]
[    0.000000] e820: [mem 0x10000000-0xfebfffff] available for PCI devices
[    0.000000] Booting paravirtualized kernel on KVM
[    0.000000] clocksource: refined-jiffies: mask: 0xffffffff max_cycles: 0xffffffff, max_idle_ns: 7645519600211568 ns
[    0.000000] setup_percpu: NR_CPUS:512 nr_cpumask_bits:512 nr_cpu_ids:2 nr_node_ids:1
[    0.000000] PERCPU: Embedded 34 pages/cpu @ffff88000fc00000 s99544 r8192 d31528 u1048576
[    0.000000] Built 1 zonelists in Node order, mobility grouping on.  Total pages: 64376
[    0.000000] Policy zone: DMA32
[    0.000000] Kernel command line: BOOT_IMAGE=/boot/vmlinuz-4.4.0-161-generic root=LABEL=cloudimg-rootfs ro console=tty1 console=ttyS0
[    0.000000] PID hash table entries: 1024 (order: 1, 8192 bytes)
[    0.000000] Memory: 223608K/261688K available (8622K kernel code, 1335K rwdata, 4032K rodata, 1488K init, 1284K bss, 38080K reserved, 0K cma-reserved)
[    0.000000] SLUB: HWalign=64, Order=0-3, MinObjects=0, CPUs=2, Nodes=1
[    0.000000] Kernel/User page tables isolation: enabled
[    0.000000] Hierarchical RCU implementation.
[    0.000000] 	Build-time adjustment of leaf fanout to 64.
[    0.000000] 	RCU restricting CPUs from NR_CPUS=512 to nr_cpu_ids=2.
[    0.000000] RCU: Adjusting geometry for rcu_fanout_leaf=64, nr_cpu_ids=2
[    0.000000] NR_IRQS:33024 nr_irqs:440 16
[    0.000000] Console: colour VGA+ 80x25
[    0.000000] console [tty1] enabled
[    0.000000] console [ttyS0] enabled
[    0.000000] tsc: Detected 2808.000 MHz processor
[    0.176032] Calibrating delay loop (skipped) preset value.. 5616.00 BogoMIPS (lpj=11232000)
[    0.178422] pid_max: default: 32768 minimum: 301
[    0.179630] ACPI: Core revision 20150930
[    0.181414] ACPI: 2 ACPI AML tables successfully acquired and loaded
[    0.183545] Security Framework initialized
[    0.184550] Yama: becoming mindful.
[    0.185654] AppArmor: AppArmor initialized
[    0.186691] Dentry cache hash table entries: 32768 (order: 6, 262144 bytes)
[    0.188423] Inode-cache hash table entries: 16384 (order: 5, 131072 bytes)
[    0.190674] Mount-cache hash table entries: 512 (order: 0, 4096 bytes)
[    0.192427] Mountpoint-cache hash table entries: 512 (order: 0, 4096 bytes)
[    0.194283] Initializing cgroup subsys io
[    0.195609] Initializing cgroup subsys memory
[    0.196674] Initializing cgroup subsys devices
[    0.198378] Initializing cgroup subsys freezer
[    0.199960] Initializing cgroup subsys net_cls
[    0.201324] Initializing cgroup subsys perf_event
[    0.202523] Initializing cgroup subsys net_prio
[    0.203649] Initializing cgroup subsys hugetlb
[    0.204911] Initializing cgroup subsys pids
[    0.207245] mce: CPU supports 0 MCE banks
[    0.208260] Last level iTLB entries: 4KB 64, 2MB 8, 4MB 8
[    0.209555] Last level dTLB entries: 4KB 64, 2MB 0, 4MB 0, 1GB 4
[    0.211263] Spectre V1 : Mitigation: usercopy/swapgs barriers and __user pointer sanitization
[    0.213510] Spectre V2 : Mitigation: Full generic retpoline
[    0.214855] Spectre V2 : Spectre v2 / SpectreRSB mitigation: Filling RSB on context switch
[    0.216827] Speculative Store Bypass: Vulnerable
[    0.217968] MDS: Mitigation: Clear CPU buffers
[    0.222686] Freeing SMP alternatives memory: 36K
[    0.229371] ftrace: allocating 32318 entries in 127 pages
[    0.286795] smpboot: APIC(0) Converting physical 0 to logical package 0
[    0.289281] smpboot: Max logical packages: 1
[    0.290540] x2apic enabled
[    0.291491] Switched APIC routing to physical x2apic.
[    0.293991] ..TIMER: vector=0x30 apic1=0 pin1=2 apic2=-1 pin2=-1
[    0.403479] smpboot: CPU0: Intel(R) Core(TM) i7-7700HQ CPU @ 2.80GHz (family: 0x6, model: 0x9e, stepping: 0x9)
[    0.407735] Performance Events: unsupported p6 CPU model 158 no PMU driver, software events only.
[    0.419462] KVM setup paravirtual spinlock
[    0.422215] x86: Booting SMP configuration:
[    0.423664] .... node  #0, CPUs:      #1
[    0.424765] kvm-clock: cpu 1, msr 0:ffe3041, secondary cpu clock
[    0.427258] mce: CPU supports 0 MCE banks
[    0.430483] x86: Booted up 1 node, 2 CPUs
[    0.431703] smpboot: Total of 2 processors activated (11232.00 BogoMIPS)
[    0.433649] devtmpfs: initialized
[    0.436110] evm: security.selinux
[    0.437003] evm: security.SMACK64
[    0.438517] evm: security.SMACK64EXEC
[    0.439679] evm: security.SMACK64TRANSMUTE
[    0.440909] evm: security.SMACK64MMAP
[    0.442180] evm: security.ima
[    0.443092] evm: security.capability
[    0.444668] clocksource: jiffies: mask: 0xffffffff max_cycles: 0xffffffff, max_idle_ns: 7645041785100000 ns
[    0.447490] futex hash table entries: 512 (order: 3, 32768 bytes)
[    0.449139] pinctrl core: initialized pinctrl subsystem
[    0.450476] RTC time: 20:40:06, date: 09/09/19
[    0.451750] NET: Registered protocol family 16
[    0.463240] cpuidle: using governor ladder
[    0.474887] cpuidle: using governor menu
[    0.476010] PCCT header not found.
[    0.477134] ACPI: bus type PCI registered
[    0.478249] acpiphp: ACPI Hot Plug PCI Controller Driver version: 0.5
[    0.479970] PCI: Using configuration type 1 for base access
[    0.491318] ACPI: Added _OSI(Module Device)
[    0.492428] ACPI: Added _OSI(Processor Device)
[    0.493569] ACPI: Added _OSI(3.0 _SCP Extensions)
[    0.495211] ACPI: Added _OSI(Processor Aggregator Device)
[    0.497464] ACPI: Executed 1 blocks of module-level executable AML code
[    0.501201] ACPI: Interpreter enabled
[    0.502187] ACPI: (supports S0 S5)
[    0.503157] ACPI: Using IOAPIC for interrupt routing
[    0.504527] PCI: Using host bridge windows from ACPI; if necessary, use "pci=nocrs" and report a bug
[    0.511234] ACPI: PCI Root Bridge [PCI0] (domain 0000 [bus 00-ff])
[    0.512762] acpi PNP0A03:00: _OSC: OS supports [ASPM ClockPM Segments MSI]
[    0.514639] acpi PNP0A03:00: _OSC: not requesting OS control; OS requires [ExtendedConfig ASPM ClockPM MSI]
[    0.517830] acpi PNP0A03:00: fail to add MMCONFIG information, can't access extended PCI configuration space under this bridge.
[    0.521368] PCI host bridge to bus 0000:00
[    0.522536] pci_bus 0000:00: root bus resource [io  0x0000-0x0cf7 window]
[    0.524729] pci_bus 0000:00: root bus resource [io  0x0d00-0xffff window]
[    0.526325] pci_bus 0000:00: root bus resource [mem 0x000a0000-0x000bffff window]
[    0.528165] pci_bus 0000:00: root bus resource [mem 0x10000000-0xfdffffff window]
[    0.529986] pci_bus 0000:00: root bus resource [bus 00-ff]
[    0.534870] pci 0000:00:01.1: legacy IDE quirk: reg 0x10: [io  0x01f0-0x01f7]
[    0.536887] pci 0000:00:01.1: legacy IDE quirk: reg 0x14: [io  0x03f6]
[    0.539443] pci 0000:00:01.1: legacy IDE quirk: reg 0x18: [io  0x0170-0x0177]
[    0.541239] pci 0000:00:01.1: legacy IDE quirk: reg 0x1c: [io  0x0376]
[    0.561211] pci 0000:00:07.0: quirk: [io  0x4000-0x403f] claimed by PIIX4 ACPI
[    0.563789] pci 0000:00:07.0: quirk: [io  0x4100-0x410f] claimed by PIIX4 SMB
[    0.573042] ACPI: PCI Interrupt Link [LNKA] (IRQs 5 9 10 *11)
[    0.575470] ACPI: PCI Interrupt Link [LNKB] (IRQs 5 9 *10 11)
[    0.577524] ACPI: PCI Interrupt Link [LNKC] (IRQs 5 *9 10 11)
[    0.579618] ACPI: PCI Interrupt Link [LNKD] (IRQs 5 9 10 *11)
[    0.581389] ACPI: Enabled 2 GPEs in block 00 to 07
[    0.582996] vgaarb: setting as boot device: PCI:0000:00:02.0
[    0.584266] vgaarb: device added: PCI:0000:00:02.0,decodes=io+mem,owns=io+mem,locks=none
[    0.586364] vgaarb: loaded
[    0.587364] vgaarb: bridge control possible 0000:00:02.0
[    0.589446] SCSI subsystem initialized
[    0.590628] ACPI: bus type USB registered
[    0.591644] usbcore: registered new interface driver usbfs
[    0.592939] usbcore: registered new interface driver hub
[    0.594250] usbcore: registered new device driver usb
[    0.595865] PCI: Using ACPI for IRQ routing
[    0.597691] NetLabel: Initializing
[    0.599153] NetLabel:  domain hash size = 128
[    0.600356] NetLabel:  protocols = UNLABELED CIPSOv4
[    0.601507] NetLabel:  unlabeled traffic allowed by default
[    0.603054] amd_nb: Cannot enumerate AMD northbridges
[    0.604613] clocksource: Switched to clocksource kvm-clock
[    0.612393] AppArmor: AppArmor Filesystem Enabled
[    0.614893] pnp: PnP ACPI init
[    0.616913] pnp: PnP ACPI: found 3 devices
[    0.627761] clocksource: acpi_pm: mask: 0xffffff max_cycles: 0xffffff, max_idle_ns: 2085701024 ns
[    0.631130] NET: Registered protocol family 2
[    0.632295] TCP established hash table entries: 2048 (order: 2, 16384 bytes)
[    0.633939] TCP bind hash table entries: 2048 (order: 3, 32768 bytes)
[    0.635477] TCP: Hash tables configured (established 2048 bind 2048)
[    0.636897] UDP hash table entries: 256 (order: 1, 8192 bytes)
[    0.639042] UDP-Lite hash table entries: 256 (order: 1, 8192 bytes)
[    0.640521] NET: Registered protocol family 1
[    0.641613] pci 0000:00:00.0: Limiting direct PCI/PCI transfers
[    0.643020] pci 0000:00:01.0: Activating ISA DMA hang workarounds
[    0.644562] Unpacking initramfs...
[    0.856712] Freeing initrd memory: 14832K
[    0.858583] clocksource: tsc: mask: 0xffffffffffffffff max_cycles: 0x2879c5f06f2, max_idle_ns: 440795220049 ns
[    0.861196] platform rtc_cmos: registered platform RTC device (no PNP device found)
[    0.863479] Scanning for low memory corruption every 60 seconds
[    0.865548] audit: initializing netlink subsys (disabled)
[    0.866818] audit: type=2000 audit(1568061613.651:1): initialized
[    0.868395] Initialise system trusted keyring
[    0.869777] HugeTLB registered 2 MB page size, pre-allocated 0 pages
[    0.872732] zbud: loaded
[    0.873933] VFS: Disk quotas dquot_6.6.0
[    0.875026] VFS: Dquot-cache hash table entries: 512 (order 0, 4096 bytes)
[    0.876715] squashfs: version 4.0 (2009/01/31) Phillip Lougher
[    0.880084] fuse init (API version 7.23)
[    0.881747] Key type big_key registered
[    0.882769] Allocating IMA MOK and blacklist keyrings.
[    0.886457] Key type asymmetric registered
[    0.887923] Asymmetric key parser 'x509' registered
[    0.889248] Block layer SCSI generic (bsg) driver version 0.4 loaded (major 249)
[    0.891438] io scheduler noop registered
[    0.892477] io scheduler deadline registered (default)
[    0.894333] io scheduler cfq registered
[    0.895786] pci_hotplug: PCI Hot Plug PCI Core version: 0.5
[    0.897467] pciehp: PCI Express Hot Plug Controller Driver version: 0.4
[    0.899542] ACPI: AC Adapter [AC] (on-line)
[    0.900773] input: Power Button as /devices/LNXSYSTM:00/LNXPWRBN:00/input/input0
[    0.903592] ACPI: Power Button [PWRF]
[    0.904747] input: Sleep Button as /devices/LNXSYSTM:00/LNXSLPBN:00/input/input1
[    0.906640] ACPI: Sleep Button [SLPF]
[    0.907844] GHES: HEST is not enabled!
[    0.909002] ACPI: Battery Slot [BAT0] (battery present)
[    0.911017] Serial: 8250/16550 driver, 32 ports, IRQ sharing enabled
[    0.933282] 00:02: ttyS0 at I/O 0x3f8 (irq = 4, base_baud = 115200) is a 16550A
[    0.938344] Linux agpgart interface v0.103
[    0.941195] loop: module loaded
[    0.943062] scsi host0: ata_piix
[    0.943991] scsi host1: ata_piix
[    0.944880] ata1: PATA max UDMA/33 cmd 0x1f0 ctl 0x3f6 bmdma 0xd000 irq 14
[    0.946379] ata2: PATA max UDMA/33 cmd 0x170 ctl 0x376 bmdma 0xd008 irq 15
[    0.948328] libphy: Fixed MDIO Bus: probed
[    0.950327] tun: Universal TUN/TAP device driver, 1.6
[    0.951828] tun: (C) 1999-2004 Max Krasnyansky <maxk@qualcomm.com>
[    0.953384] PPP generic driver version 2.4.2
[    0.955128] ehci_hcd: USB 2.0 'Enhanced' Host Controller (EHCI) Driver
[    0.956952] ehci-pci: EHCI PCI platform driver
[    0.958556] ehci-platform: EHCI generic platform driver
[    0.959830] ohci_hcd: USB 1.1 'Open' Host Controller (OHCI) Driver
[    0.961286] ohci-pci: OHCI PCI platform driver
[    0.962369] ohci-platform: OHCI generic platform driver
[    0.963604] uhci_hcd: USB Universal Host Controller Interface driver
[    0.965206] i8042: PNP: PS/2 Controller [PNP0303:PS2K,PNP0f03:PS2M] at 0x60,0x64 irq 1,12
[    0.968087] serio: i8042 KBD port at 0x60,0x64 irq 1
[    0.969336] serio: i8042 AUX port at 0x60,0x64 irq 12
[    0.970778] mousedev: PS/2 mouse device common for all mice
[    0.973094] input: AT Translated Set 2 keyboard as /devices/platform/i8042/serio0/input/input2
[    0.975954] rtc_cmos rtc_cmos: rtc core: registered rtc_cmos as rtc0
[    0.977457] rtc_cmos rtc_cmos: alarms up to one day, 114 bytes nvram
[    0.978876] i2c /dev entries driver
[    0.979791] device-mapper: uevent: version 1.0.3
[    0.981037] device-mapper: ioctl: 4.34.0-ioctl (2015-10-28) initialised: dm-devel@redhat.com
[    0.983710] ledtrig-cpu: registered to indicate activity on CPUs
[    0.989401] NET: Registered protocol family 10
[    0.991459] NET: Registered protocol family 17
[    0.992824] Key type dns_resolver registered
[    0.994455] registered taskstats version 1
[    0.995539] Loading compiled-in X.509 certificates
[    0.997929] Loaded X.509 cert 'Build time autogenerated kernel key: bdcb03bd89688fd1ecb3c1b37e77d69239145881'
[    1.000737] zswap: loaded using pool lzo/zbud
[    1.003812] Key type trusted registered
[    1.009217] Key type encrypted registered
[    1.010684] AppArmor: AppArmor sha1 policy hashing enabled
[    1.012189] ima: No TPM chip found, activating TPM-bypass!
[    1.014058] ima: Allocated hash algorithm: sha1
[    1.015309] evm: HMAC attrs: 0x1
[    1.016761]   Magic number: 3:948:699
[    1.018331] rtc_cmos rtc_cmos: setting system clock to 2019-09-09 20:40:07 UTC (1568061607)
[    1.020526] BIOS EDD facility v0.16 2004-Jun-25, 0 devices found
[    1.022265] EDD information not available.
[    1.106360] Freeing unused kernel memory: 1488K
[    1.108417] Write protecting the kernel read-only data: 14336k
[    1.111155] Freeing unused kernel memory: 1608K
[    1.112409] Freeing unused kernel memory: 64K
Loading, please wait...
starting version 229
[    1.126207] random: systemd-udevd: uninitialized urandom read (16 bytes read, 3 bits of entropy available)
[    1.126647] random: udevadm: uninitialized urandom read (16 bytes read, 3 bits of entropy available)
[    1.126662] random: udevadm: uninitialized urandom read (16 bytes read, 3 bits of entropy available)
[    1.135353] random: udevadm: uninitialized urandom read (16 bytes read, 3 bits of entropy available)
[    1.135392] random: udevadm: uninitialized urandom read (16 bytes read, 3 bits of entropy available)
[    1.135506] random: udevadm: uninitialized urandom read (16 bytes read, 3 bits of entropy available)
[    1.135545] random: udevadm: uninitialized urandom read (16 bytes read, 3 bits of entropy available)
[    1.135583] random: udevadm: uninitialized urandom read (16 bytes read, 3 bits of entropy available)
[    1.135623] random: udevadm: uninitialized urandom read (16 bytes read, 3 bits of entropy available)
[    1.135659] random: udevadm: uninitialized urandom read (16 bytes read, 3 bits of entropy available)
[    1.182820] e1000: Intel(R) PRO/1000 Network Driver - version 7.3.21-k8-NAPI
[    1.184769] e1000: Copyright (c) 1999-2006 Intel Corporation.
[    1.189786] Fusion MPT base driver 3.04.20
[    1.191355] Copyright (c) 1999-2008 LSI Corporation
[    1.196578] Fusion MPT SPI Host driver 3.04.20
[    1.210556] AVX2 version of gcm_enc/dec engaged.
[    1.212100] AES CTR mode by8 optimization enabled
[    1.393811] input: ImExPS/2 Generic Explorer Mouse as /devices/platform/i8042/serio1/input/input4
[    1.594259] e1000 0000:00:03.0 eth0: (PCI:33MHz:32-bit) 02:ab:0c:c8:bd:75
[    1.595914] e1000 0000:00:03.0 eth0: Intel(R) PRO/1000 Network Connection
[    1.598928] mptbase: ioc0: Initiating bringup
[    1.661419] ioc0: LSI53C1030 A0: Capabilities={Initiator}
[    1.827436] scsi host2: ioc0: LSI53C1030 A0, FwRev=00000000h, Ports=1, MaxQ=256, IRQ=20
[    1.946113] scsi 2:0:0:0: Direct-Access     VBOX     HARDDISK         1.0  PQ: 0 ANSI: 5
[    1.949646] scsi target2:0:0: Beginning Domain Validation
[    1.951886] scsi target2:0:0: Domain Validation skipping write tests
[    1.953706] scsi target2:0:0: Ending Domain Validation
[    1.955166] scsi target2:0:0: asynchronous
[    1.956841] scsi 2:0:1:0: Direct-Access     VBOX     HARDDISK         1.0  PQ: 0 ANSI: 5
[    1.959230] scsi target2:0:1: Beginning Domain Validation
[    1.961263] scsi target2:0:1: Domain Validation skipping write tests
[    1.962714] scsi target2:0:1: Ending Domain Validation
[    1.963959] scsi target2:0:1: asynchronous
[    1.970423] sd 2:0:0:0: [sda] 20971520 512-byte logical blocks: (10.7 GB/10.0 GiB)
[    1.970588] sd 2:0:0:0: Attached scsi generic sg0 type 0
[    1.970913] sd 2:0:1:0: Attached scsi generic sg1 type 0
[    1.971108] sd 2:0:1:0: [sdb] 20480 512-byte logical blocks: (10.5 MB/10.0 MiB)
[    1.971281] sd 2:0:1:0: [sdb] Write Protect is off
[    1.971361] sd 2:0:1:0: [sdb] Incomplete mode parameter data
[    1.971362] sd 2:0:1:0: [sdb] Assuming drive cache: write through
[    1.972906] sd 2:0:1:0: [sdb] Attached SCSI disk
[    1.994852] sd 2:0:0:0: [sda] Write Protect is off
[    1.996787] sd 2:0:0:0: [sda] Incomplete mode parameter data
[    1.998683] sd 2:0:0:0: [sda] Assuming drive cache: write through
[    2.007263]  sda: sda1
[    2.009652] sd 2:0:0:0: [sda] Attached SCSI disk
[    2.363441] e1000 0000:00:08.0 eth1: (PCI:33MHz:32-bit) 08:00:27:3e:6d:54
[    2.366232] e1000 0000:00:08.0 eth1: Intel(R) PRO/1000 Network Connection
[    2.369601] e1000 0000:00:03.0 enp0s3: renamed from eth0
[    2.385939] e1000 0000:00:08.0 enp0s8: renamed from eth1
Begin: Loading essential drivers ... [    3.700365] md: linear personality registered for level -1
[    3.705345] md: multipath personality registered for level -4
[    3.710420] md: raid0 personality registered for level 0
[    3.715437] md: raid1 personality registered for level 1
[    3.788700] raid6: sse2x1   gen() 10661 MB/s
[    3.856657] raid6: sse2x1   xor()  7515 MB/s
[    3.924851] raid6: sse2x2   gen() 12701 MB/s
[    3.992895] raid6: sse2x2   xor()  9571 MB/s
[    4.060916] raid6: sse2x4   gen() 15728 MB/s
[    4.129184] raid6: sse2x4   xor() 11101 MB/s
[    4.197336] raid6: avx2x1   gen() 22861 MB/s
[    4.264728] raid6: avx2x2   gen() 25559 MB/s
[    4.332656] raid6: avx2x4   gen() 27982 MB/s
[    4.334102] raid6: using algorithm avx2x4 gen() 27982 MB/s
[    4.335416] raid6: using avx2x2 recovery algorithm
[    4.337544] xor: automatically using best checksumming function:
[    4.377138]    avx       : 26801.000 MB/sec
[    4.379352] async_tx: api initialized (async)
[    4.388991] md: raid6 personality registered for level 6
[    4.390823] md: raid5 personality registered for level 5
[    4.392778] md: raid4 personality registered for level 4
[    4.400697] md: raid10 personality registered for level 10
done.
Begin: Running /scripts/init-premount ... done.
Begin: Mounting root file system ... Begin: Running /scripts/local-top ... done.
Begin: Running /scripts/local-premount ... [    4.430657] Btrfs loaded
Scanning for Btrfs filesystems
done.
Warning: fsck not present, so skipping root file system
[    4.478380] EXT4-fs (sda1): mounted filesystem with ordered data mode. Opts: (null)
done.
Begin: Running /scripts/local-bottom ... done.
Begin: Running /scripts/init-bottom ... done.
[    4.609823] systemd[1]: systemd 229 running in system mode. (+PAM +AUDIT +SELINUX +IMA +APPARMOR +SMACK +SYSVINIT +UTMP +LIBCRYPTSETUP +GCRYPT +GNUTLS +ACL +XZ -LZ4 +SECCOMP +BLKID +ELFUTILS +KMOD -IDN)
[    4.615038] systemd[1]: Detected virtualization oracle.
[    4.616612] systemd[1]: Detected architecture x86-64.

Welcome to [1mUbuntu 16.04.6 LTS[0m!

[    4.630001] systemd[1]: Set hostname to <nginx>.
[    4.777768] systemd[1]: Created slice System Slice.
[[0;32m  OK  [0m] Created slice System Slice.
[    4.780156] systemd[1]: Reached target Swap.
[[0;32m  OK  [0m] Reached target Swap.
[    4.782321] systemd[1]: Listening on Journal Socket.
[[0;32m  OK  [0m] Listening on Journal Socket.
[    4.797781] systemd[1]: Starting Load Kernel Modules...
         Starting Load Kernel Modules...
[    4.809448] systemd[1]: Listening on LVM2 poll daemon socket.
[[0;32m  OK  [0m] Listening on LVM2 poll daemon socket.
[    4.814779] Loading iSCSI transport class v2.0-870.
[    4.817228] systemd[1]: Created slice User and Session Slice.
[[0;32m  OK  [0m] Created slice User and Session Slice.
[    4.823510] iscsi: registered transport (tcp)
[    4.825639] systemd[1]: Mounting Huge Pages File System...
         Mounting Huge Pages File System...
[    4.833720] systemd[1]: Starting Set console keymap...
         Starting Set console keymap...
[    4.837727] systemd[1]: Starting Nameserver information manager...
         Starting Nameserver information manager...
[    4.840996] systemd[1]: Listening on udev Control Socket.
[[0;32m  OK  [0m] Listening on udev Control Socket.
[    4.846371] systemd[1]: Started Forward Password Requests to Wall Directory Watch.
[[0;32m  OK  [0m] Started Forward Password Requests to Wall Directory Watch.
[    4.854025] systemd[1]: Listening on /dev/initctl Compatibility Named Pipe.
[[0;32m  OK  [0m] Listening on /dev/initctl Compatibility Named Pipe.
[    4.858222] systemd[1]: Starting Create list of required static device nodes for the current kernel...
         Starting Create list of required st... nodes for the current kernel...
[    4.863727] systemd[1]: Listening on Journal Audit Socket.
[[0;32m  OK  [0m] Listening on Journal Audit Socket.
[    4.868941] iscsi: registered transport (iser)
[    4.872861] systemd[1]: Reached target System Time Synchronized.
[[0;32m  OK  [0m] Reached target System Time Synchronized.
[    4.881480] systemd[1]: Set up automount Arbitrary Executable File Formats File System Automount Point.
[[0;32m  OK  [0m] Set up automount Arbitrary Executab...ats File System Automount Point.
[    4.894112] systemd[1]: Reached target Slices.
[[0;32m  OK  [0m] Reached target Slices.
[    4.901548] systemd[1]: Listening on Syslog Socket.
[[0;32m  OK  [0m] Listening on Syslog Socket.
[    4.924892] systemd[1]: Starting Remount Root and Kernel File Systems...
         Starting Remount Root and Kernel File Systems...
[    4.930562] systemd[1]: Reached target User and Group Name Lookups.
[    4.933506] EXT4-fs (sda1): re-mounted. Opts: (null)
[[0;32m  OK  [0m] Reached target User and Group Name Lookups.
[    4.939530] systemd[1]: Started Trigger resolvconf update for networkd DNS.
[[0;32m  OK  [0m] Started Trigger resolvconf update for networkd DNS.
[    4.947152] systemd[1]: Listening on udev Kernel Socket.
[[0;32m  OK  [0m] Listening on udev Kernel Socket.
[    4.953270] systemd[1]: Mounting Debug File System...
         Mounting Debug File System...
[    4.955838] systemd[1]: Listening on Device-mapper event daemon FIFOs.
[[0;32m  OK  [0m] Listening on Device-mapper event daemon FIFOs.
[    4.959994] systemd[1]: Listening on LVM2 metadata daemon socket.
[[0;32m  OK  [0m] Listening on LVM2 metadata daemon socket.
[    4.963188] systemd[1]: Created slice system-serial\x2dgetty.slice.
[[0;32m  OK  [0m] Created slice system-serial\x2dgetty.slice.
[    4.966582] systemd[1]: Reached target Encrypted Volumes.
[[0;32m  OK  [0m] Reached target Encrypted Volumes.
[    4.970403] systemd[1]: Mounting POSIX Message Queue File System...
         Mounting POSIX Message Queue File System...
[    4.974132] systemd[1]: Starting Monitoring of LVM2 mirrors, snapshots etc. using dmeventd or progress polling...
         Starting Monitoring of LVM2 mirrors... dmeventd or progress polling...
[    4.978986] systemd[1]: Starting Uncomplicated firewall...
         Starting Uncomplicated firewall...
[    4.982144] systemd[1]: Listening on Journal Socket (/dev/log).
[[0;32m  OK  [0m] Listening on Journal Socket (/dev/log).
[    4.985618] systemd[1]: Starting Journal Service...
         Starting Journal Service...
[    4.990069] systemd[1]: Mounted Debug File System.
[[0;32m  OK  [0m] Mounted Debug File System.
[    5.001119] systemd[1]: Mounted Huge Pages File System.
[[0;32m  OK  [0m] Mounted Huge Pages File System.
[    5.003596] systemd[1]: Mounted POSIX Message Queue File System.
[[0;32m  OK  [0m] Mounted POSIX Message Queue File System.
[    5.013760] systemd[1]: Started Journal Service.
[[0;32m  OK  [0m] Started Journal Service.
[[0;32m  OK  [0m] Started Load Kernel Modules.
[[0;32m  OK  [0m] Started Set console keymap.
[[0;32m  OK  [0m] Started Create list of required sta...ce nodes for the current kernel.
[[0;32m  OK  [0m] Started Remount Root and Kernel File Systems.
[[0;32m  OK  [0m] Started Uncomplicated firewall.
[[0;32m  OK  [0m] Started Nameserver information manager.
[    5.073561] random: nonblocking pool is initialized
[[0;32m  OK  [0m] Started LVM2 metadata daemon.
         Starting Load/Save Random Seed...
         Starting udev Coldplug all Devices...
         Starting Create Static Device Nodes in /dev...
         Mounting FUSE Control File System...
         Starting Apply Kernel Variables...
         Starting Flush Journal to Persistent Storage...
[[0;32m  OK  [0m] Mounted FUSE Control File System.
[[0;32m  OK  [0m] Started Load/Save Random Seed.
[[0;32m  OK  [0m] Started Create Static Device Nodes in /dev.
[[0;32m  OK  [0m] Started Apply Kernel Variables.
[[0;32m  OK  [0m] Started Flush Journal to Persistent Storage.
[[0;32m  OK  [0m] Started udev Coldplug all Devices.
         Starting udev Kernel Device Manager...
[[0;32m  OK  [0m] Started udev Kernel Device Manager.
[[0;32m  OK  [0m] Started Dispatch Password Requests to Console Directory Watch.
[[0;32m  OK  [0m] Found device /dev/ttyS0.
[[0;32m  OK  [0m] Started Monitoring of LVM2 mirrors,...ng dmeventd or progress polling.
[[0;32m  OK  [0m] Reached target Local File Systems (Pre).
[[0;32m  OK  [0m] Reached target Local File Systems.
         Starting Create Volatile Files and Directories...
         Starting Set console font and keymap...
         Starting Initial cloud-init job (pre-networking)...
         Starting LSB: AppArmor initialization...
         Starting Tell Plymouth To Write Out Runtime Data...
[[0;32m  OK  [0m] Started Create Volatile Files and Directories.
[[0;32m  OK  [0m] Started Tell Plymouth To Write Out Runtime Data.
         Starting Update UTMP about System Boot/Shutdown...
[[0;32m  OK  [0m] Started Update UTMP about System Boot/Shutdown.
[[0;32m  OK  [0m] Listening on Load/Save RF Kill Switch Status /dev/rfkill Watch.
[[0;32m  OK  [0m] Started LSB: AppArmor initialization.
[[0;32m  OK  [0m] Found device 82540EM Gigabit Ethern...r (PRO/1000 MT Desktop Adapter).
[[0;32m  OK  [0m] Found device 82540EM Gigabit Ethern...r (PRO/1000 MT Desktop Adapter).
[    5.999059] cloud-init[535]: Cloud-init v. 19.1-1-gbaa47854-0ubuntu1~16.04.1 running 'init-local' at Mon, 09 Sep 2019 20:40:12 +0000. Up 5.68 seconds.
[[0;32m  OK  [0m] Started Set console font and keymap.
[[0;32m  OK  [0m] Started Initial cloud-init job (pre-networking).
[[0;32m  OK  [0m] Reached target Network (Pre).
[[0;32m  OK  [0m] Started ifup for enp0s3.
[[0;32m  OK  [0m] Started ifup for enp0s8.
         Starting Raise network interfaces...
[[0;32m  OK  [0m] Created slice system-getty.slice.
[[0;32m  OK  [0m] Started Raise network interfaces.
[[0;32m  OK  [0m] Reached target Network.
         Starting Initial cloud-init job (metadata service crawler)...
[    6.877498] cloud-init[1073]: Cloud-init v. 19.1-1-gbaa47854-0ubuntu1~16.04.1 running 'init' at Mon, 09 Sep 2019 20:40:13 +0000. Up 6.61 seconds.
[    6.880725] cloud-init[1073]: ci-info: ++++++++++++++++++++++++++++++++++++++Net device info+++++++++++++++++++++++++++++++++++++++
[    6.885640] cloud-init[1073]: ci-info: +--------+------+-----------------------------+---------------+--------+-------------------+
[    6.897165] cloud-init[1073]: ci-info: | Device |  Up  |           Address           |      Mask     | Scope  |     Hw-Address    |
[    6.901845] cloud-init[1073]: ci-info: +--------+------+-----------------------------+---------------+--------+-------------------+
[    6.908491] cloud-init[1073]: ci-info: | enp0s3 | True |          10.0.2.15          | 255.255.255.0 | global | 02:ab:0c:c8:bd:75 |
[    6.910439] cloud-init[1073]: ci-info: | enp0s3 | True |  fe80::ab:cff:fec8:bd75/64  |       .       |  link  | 02:ab:0c:c8:bd:75 |
[    6.913925] cloud-init[1073]: ci-info: | enp0s8 | True |        192.168.33.12        | 255.255.255.0 | global | 08:00:27:3e:6d:54 |
[    6.917558] cloud-init[1073]: ci-info: | enp0s8 | True | fe80::a00:27ff:fe3e:6d54/64 |       .       |  link  | 08:00:27:3e:6d:54 |
[    6.920510] cloud-init[1073]: ci-info: |   lo   | True |          127.0.0.1          |   255.0.0.0   |  host  |         .         |
[    6.923680] cloud-init[1073]: ci-info: |   lo   | True |           ::1/128           |       .       |  host  |         .         |
[    6.925402] cloud-init[1073]: ci-info: +--------+------+-----------------------------+---------------+--------+-------------------+
[    6.926845] cloud-init[1073]: ci-info: ++++++++++++++++++++++++++++Route IPv4 info++++++++++++++++++++++++++++
[    6.928687] cloud-init[1073]: ci-info: +-------+--------------+----------+---------------+-----------+-------+
[    6.936494] cloud-init[1073]: ci-info: | Route | Destination  | Gateway  |    Genmask    | Interface | Flags |
[    6.938790] cloud-init[1073]: ci-info: +-------+--------------+----------+---------------+-----------+-------+
[    6.945012] cloud-init[1073]: ci-info: |   0   |   0.0.0.0    | 10.0.2.2 |    0.0.0.0    |   enp0s3  |   UG  |
[    6.946782] cloud-init[1073]: ci-info: |   1   |   10.0.2.0   | 0.0.0.0  | 255.255.255.0 |   enp0s3  |   U   |
[    6.948317] cloud-init[1073]: ci-info: |   2   | 192.168.33.0 | 0.0.0.0  | 255.255.255.0 |   enp0s8  |   U   |
[    6.956901] cloud-init[1073]: ci-info: +-------+--------------+----------+---------------+-----------+-------+
[    6.958022] cloud-init[1073]: ci-info: +++++++++++++++++++Route IPv6 info+++++++++++++++++++
[    6.959149] cloud-init[1073]: ci-info: +-------+-------------+---------+-----------+-------+
[[0;32m  OK  [0m[    6.969218] cloud-init[1073]: ci-info: | Route | Destination | Gateway | Interface | Flags |
] Started Initial cloud-init job (metadata service crawler).
[    6.969659] cloud-init[1073]: ci-info: +-------+-------------+---------+-----------+-------+
[    6.973658] cloud-init[1073]: ci-info: |   0   |  fe80::/64  |    ::   |   enp0s8  |   U   |
[    6.974713] cloud-init[1073]: ci-info: |   1   |  fe80::/64  |    ::   |   enp0s3  |   U   |
[    6.974955] cloud-init[[1073]: [0;32m  OK  [0mci-info: |   4   |   ff00::/8  |    ::   |   enp0s8  |   U   |] 
Reached target Cloud-config availability.
[[    6.975004] cloud-init[1073]: ci-info: |   5   |   ff00::/8  |    ::   |   enp0s3  |   U   |
[0;32m  OK  [0m] Reached target System Initialization.
[    6.978031] cloud-init[1073]: ci-info: +-------+-------------+---------+-----------+-------+
[[0;32m  OK  [0m] Started ACPI Events Check.
[[0;32m  OK  [0m] Reached target Paths.
[[0;32m  OK  [0m] Listening on D-Bus System Message Bus Socket.
[[0;32m  OK  [0m] Started Daily apt download activities.
[[0;32m  OK  [0m] Started Daily apt upgrade and clean activities.
         Starting Socket activation for snappy daemon.
         Starting LXD - unix socket.
[[0;32m  OK  [0m] Started Daily Cleanup of Temporary Directories.
[[0;32m  OK  [0m] Reached target Timers.
[[0;32m  OK  [0m] Listening on ACPID Listen Socket.
[[0;32m  OK  [0m] Listening on UUID daemon activation socket.
[[0;32m  OK  [0m] Reached target Network is Online.
         Starting iSCSI initiator daemon (iscsid)...
[[0;32m  OK  [0m] Listening on Socket activation for snappy daemon.
[[0;32m  OK  [0m] Listening on LXD - unix socket.
[[0;32m  OK  [0m] Reached target Sockets.
[[0;32m  OK  [0m] Reached target Basic System.
[[0;32m  OK  [0m] Started D-Bus System Message Bus.
         Starting Login Service...
         Starting Snappy daemon...
         Starting Virtualbox guest utils...
         Starting LXD - container startup/shutdown...
         Starting LSB: MD monitoring daemon...
[[0;32m  OK  [0m] Started FUSE filesystem for LXC.
[[0;32m  OK  [0m] Started Regular background program processing daemon.
         Starting A high performance web server and a reverse proxy server...
         Starting LSB: Record successful boot for GRUB...
         Starting System Logging Service...
[[0;32m  OK  [0m] Started ACPI event daemon.
         Starting Accounts Service...
[[0;32m  OK  [0m] Started Deferred execution scheduler.
         Starting /etc/rc.local Compatibility...
         Starting OpenBSD Secure Shell server...
[[0;32m  OK  [0m] Started iSCSI initiator daemon (iscsid).
[[0;32m  OK  [0m] Started /etc/rc.local Compatibility.
[[0;32m  OK  [0m] Started System Logging Service.
         Starting Login to default iSCSI targets...
[[0;32m  OK  [0m] Started LSB: Record successful boot for GRUB.
[[0;32m  OK  [0m] Started Login Service.
[[0;32m  OK  [0m] Started Unattended Upgrades Shutdown.
[[0;32m  OK  [0m] Started LSB: MD monitoring daemon.
[[0;32m  OK  [0m] Started Login to default iSCSI targets.
[[0;32m  OK  [0m] Reached target Remote File Systems (Pre).
[[0;32m  OK  [0m] Reached target Remote File Systems.
         Starting LSB: automatic crash report generation...
         Starting LSB: Set the CPU Frequency Scaling governor to "ondemand"...
         Starting Permit User Sessions...
         Starting LSB: Start/stop sysstat's sadc...
         Starting LSB: Start splunk...
         Starting LSB: daemon to balance interrupts for SMP systems...
[[0;32m  OK  [0m] Started Virtualbox guest utils.
[[0;32m  OK  [0m] Started Permit User Sessions.
[[0;32m  OK  [0m] Started OpenBSD Secure Shell server.
[[0;32m  OK  [0m] Started LSB: Start/stop sysstat's sadc.
[[0;32m  OK  [0m] Started LSB: automatic crash report generation.
[[0;32m  OK  [0m] Started LSB: Set the CPU Frequency Scaling governor to "ondemand".
[[0;32m  OK  [0m] Started A high performance web server and a reverse proxy server.
         Starting Authenticate and Authorize Users to Run Privileged Tasks...
         Starting Terminate Plymouth Boot Screen...
         Starting Hold until boot process finishes up...
[[0;32m  OK  [0m] Started LXD - container startup/shutdown.
[[0;32m  OK  [0m] Started LSB: daemon to balance interrupts for SMP systems.
[[0;32m  OK  [0m] Started Terminate Plymouth Boot Screen.
[[0;32m  OK  [0m] Started Hold until boot process finishes up.
         Starting Set console scheme...
[[0;32m  OK  [0m] Started Getty on tty1.
[[0;32m  OK  [0m] Started Serial Getty on ttyS0.
[[0;32m  OK  [0m] Reached target Login Prompts.
[[0;32m  OK  [0m] Started Snappy daemon.
[[0;32m  OK  [0m] Started Set console scheme.
[[0;32m  OK  [0m] Started Authenticate and Authorize Users to Run Privileged Tasks.
[[0;32m  OK  [0m] Started Accounts Service.
         Starting Wait until snapd is fully seeded...
[[0;32m  OK  [0m] Started Wait until snapd is fully seeded.
         Starting Apply the settings specified in cloud-config...
[    8.068953] cloud-init[1353]: Cloud-init v. 19.1-1-gbaa47854-0ubuntu1~16.04.1 running 'modules:config' at Mon, 09 Sep 2019 20:40:14 +0000. Up 7.96 seconds.
[[0;32m  OK  [0m] Started Apply the settings specified in cloud-config.
[[0;32m  OK  [0m] Started LSB: Start splunk.
[[0;32m  OK  [0m] Reached target Multi-User System.
         Starting Execute cloud user/final scripts...
[[0;32m  OK  [0m] Reached target Graphical Interface.
         Starting Update UTMP about System Runlevel Changes...
[[0;32m  OK  [0m] Started Update UTMP about System Runlevel Changes.
[    9.679922] cloud-init[1397]: Cloud-init v. 19.1-1-gbaa47854-0ubuntu1~16.04.1 running 'modules:final' at Mon, 09 Sep 2019 20:40:16 +0000. Up 9.55 seconds.
[    9.682663] cloud-init[1397]: Cloud-init v. 19.1-1-gbaa47854-0ubuntu1~16.04.1 finished at Mon, 09 Sep 2019 20:40:16 +0000. Datasource DataSourceNoCloud [seed=/dev/sdb][dsmode=net].  Up 9.67 seconds
[[0;32m  OK  [0m] Started Execute cloud user/final scripts.
[[0;32m  OK  [0m] Reached target Cloud-init target.

Ubuntu 16.04.6 LTS nginx ttyS0

nginx login: [[0;32m  OK  [0m] Stopped target Graphical Interface.
[[[0;32m  OK  [0m] Stopped target Cloud-init target.
[[0;32m  OK  [0m] Stopped         Stopping User Manager for UID 1000...
         Stopping Session 26 of user vagrant.
         Stopping Authenticate and Authorize Users to Run Privileged Tasks...
[[0;32m  OK  [0m] Stopped target Graphical Interface.
         Stopping Accounts Service...
[[0;32m  OK  [0m] Stopped target Timers.
[[0;32m  OK  [0m] Stopped Daily Cleanup of Temporary Directories.
[[0;32m  OK  [0m] Stopped Daily apt upgrade and clean activities.
[[0;32m  OK  [0m] Stopped target Cloud-init target.
[[0;32m  OK  [0m] Stopped Execute cloud user/final scripts.
[[0;32m  OK  [0m] Stopped target Multi-User System.
         Stopping Virtualbox guest utils...
         Stopping A high performance web server and a reverse proxy server...
         Stopping Deferred execution scheduler...
         Stopping Regular background program processing daemon...
         Stopping LSB: Start/stop sysstat's sadc...
         Stopping System Logging Service...
         Stopping LSB: Set the CPU Frequency Scaling governor to "ondemand"...
[[0;32m  OK  [0m] Stopped target Login Prompts.
         Stopping Getty on tty1...
         Stopping Serial Getty on ttyS0...
         Stopping Unattended Upgrades Shutdown...
         Stopping FUSE filesystem for LXC...
[[0;32m  OK  [0m] Stopped Apply the settings specified in cloud-config.
[[0;32m  OK  [0m] Stopped target Cloud-config availability.
[[0;32m  OK  [0m] Stopped Wait until snapd is fully seeded.
         Stopping OpenBSD Secure Shell server...
         Stopping LSB: automatic crash report generation...
         Stopping ACPI event daemon...
         Stopping LXD - container startup/shutdown...
         Stopping LSB: MD monitoring daemon...
         Stopping LSB: Record successful boot for GRUB...
         Stopping D-Bus System Message Bus...
[[0;32m  OK  [0m] Stopped Daily apt download activities.
[[0;32m  OK  [0m] Stopped target System Time Synchronized.
[[0;32m  OK  [0m] Closed Load/Save RF Kill Switch Status /dev/rfkill Watch.
         Stopping LSB: Start splunk...
         Stopping LSB: daemon to balance interrupts for SMP systems...
[[0;32m  OK  [0m] Unmounted /var/lib/lxcfs.
[[0;32m  OK  [0m] Stopped Accounts Service.
[[0;32m  OK  [0m] Stopped System Logging Service.
[[0;32m  OK  [0m] Stopped Deferred execution scheduler.
[[0;32m  OK  [0m] Stopped Regular background program processing daemon.
[[0;32m  OK  [0m] Stopped OpenBSD Secure Shell server.
[[0;32m  OK  [0m] Stopped Unattended Upgrades Shutdown.
[[0;32m  OK  [0m] Stopped Authenticate and Authorize Users to Run Privileged Tasks.
[[0;32m  OK  [0m] Stopped Getty on tty1.
[[0;32m  OK  [0m] Stopped Serial Getty on ttyS0.
[[0;32m  OK  [0m] Stopped User Manager for UID 1000.
[[0;32m  OK  [0m] Stopped Session 26 of user vagrant.
[[0;32m  OK  [0m] Stopped A high performance web server and a reverse proxy server.
[[0;32m  OK  [0m] Stopped ACPI event daemon.
[[0;32m  OK  [0m] Stopped D-Bus System Message Bus.
[[0;32m  OK  [0m] Stopped FUSE filesystem for LXC.
[[0;32m  OK  [0m] Stopped LSB: Start/stop sysstat's sadc.
[[0;32m  OK  [0m] Stopped Virtualbox guest utils.
[[0;32m  OK  [0m] Stopped LSB: Set the CPU Frequency Scaling governor to "ondemand".
[[0;32m  OK  [0m] Stopped LSB: automatic crash report generation.
[[0;32m  OK  [0m] Stopped LXD - container startup/shutdown.
[[0;32m  OK  [0m] Stopped LSB: Record successful boot for GRUB.
[[0;32m  OK  [0m] Stopped LSB: MD monitoring daemon.
[[0;32m  OK  [0m] Stopped LSB: daemon to balance interrupts for SMP systems.
[[0;32m  OK  [0m] Removed slice User Slice of vagrant.
[[0;32m  OK  [0m] Removed slice system-serial\x2dgetty.slice.
         Stopping Permit User Sessions...
[[0;32m  OK  [0m] Removed slice system-getty.slice.
[[0;32m  OK  [0m] Stopped /etc/rc.local Compatibility.
         Stopping Login Service...
[[0;32m  OK  [0m] Stopped Permit User Sessions.
[[0;32m  OK  [0m] Stopped Login Service.
[[0;32m  OK  [0m] Stopped target User and Group Name Lookups.
[[0;32m  OK  [0m] Stopped LSB: Start splunk.
[[0;32m  OK  [0m] Stopped target Basic System.
[[0;32m  OK  [0m] Stopped target Slices.
[[0;32m  OK  [0m] Removed slice User and Session Slice.
[[0;32m  OK  [0m] Stopped target Sockets.
[[0;32m  OK  [0m] Closed ACPID Listen Socket.
[[0;32m  OK  [0m] Closed LXD - unix socket.
[[0;32m  OK  [0m] Closed D-Bus System Message Bus Socket.
[[0;32m  OK  [0m] Closed UUID daemon activation socket.
[[0;32m  OK  [0m] Closed Syslog Socket.
[[0;32m  OK  [0m] Closed Socket activation for snappy daemon.
[[0;32m  OK  [0m] Stopped target Paths.
[[0;32m  OK  [0m] Stopped ACPI Events Check.
[[0;32m  OK  [0m] Stopped Dispatch Password Requests to Console Directory Watch.
[[0;32m  OK  [0m] Stopped Forward Password Requests to Wall Directory Watch.
[[0;32m  OK  [0m] Stopped target Remote File Systems.
[[0;32m  OK  [0m] Stopped target Remote File Systems (Pre).
         Stopping Login to default iSCSI targets...
[[0;32m  OK  [0m] Stopped target System Initialization.
[[0;32m  OK  [0m] Stopped target Encrypted Volumes.
         Stopping Load/Save Random Seed...
[[0;32m  OK  [0m] Stopped target Swap.
[[0;32m  OK  [0m] Stopped Create Volatile Files and Directories.
[[0;32m  OK  [0m] Stopped Load/Save Random Seed.
[[0;32m  OK  [0m] Stopped Login to default iSCSI targets.
         Stopping iSCSI initiator daemon (iscsid)...
[[0;32m  OK  [0m] Stopped iSCSI initiator daemon (iscsid).
[[0;32m  OK  [0m] Stopped target Network is Online.
[[0;32m  OK  [0m] Stopped target Network.
[[0;32m  OK  [0m] Stopped Initial cloud-init job (metadata service crawler).
         Stopping Raise network interfaces...
[[0;32m  OK  [0m] Stopped Raise network interfaces.
[[0;32m  OK  [0m] Stopped Apply Kernel Variables.
[[0;32m  OK  [0m] Stopped target Local File Systems.
         Unmounting /vagrant...
         Unmounting /run/user/1000...
[[0;32m  OK  [0m] Stopped Load Kernel Modules.
[[0;32m  OK  [0m] Stopped target Network (Pre).
[[0;32m  OK  [0m] Stopped Initial cloud-init job (pre-networking).
[[0;32m  OK  [0m] Unmounted /run/user/1000.
[[0;32m  OK  [0m] Unmounted /vagrant.
[[0;32m  OK  [0m] Reached target Unmount All Filesystems.
[[0;32m  OK  [0m] Stopped target Local File Systems (Pre).
         Stopping Monitoring of LVM2 mirrors... dmeventd or progress polling...
[[0;32m  OK  [0m] Stopped Create Static Device Nodes in /dev.
[[0;32m  OK  [0m] Stopped Remount Root and Kernel File Systems.
[[0;32m  OK  [0m] Reached target Shutdown.
[ 4564.490027] reboot: Power down
